1    [XML-RPC-0] ERROR org.apache.xmlrpc.server.XmlRpcErrorLogger - Failed to invoke method execute in class com.nantic.jasperreports.JasperServer: Could not load object from location : /home/dsk/desktop/sungroup/modules/jasper_reports/JasperReports/../report/report_header.jasper
org.apache.xmlrpc.common.XmlRpcInvocationException: Failed to invoke method execute in class com.nantic.jasperreports.JasperServer: Could not load object from location : /home/dsk/desktop/sungroup/modules/jasper_reports/JasperReports/../report/report_header.jasper
	at org.apache.xmlrpc.server.ReflectiveXmlRpcHandler.invoke(ReflectiveXmlRpcHandler.java:129)
	at org.apache.xmlrpc.server.ReflectiveXmlRpcHandler.execute(ReflectiveXmlRpcHandler.java:106)
	at org.apache.xmlrpc.server.XmlRpcServerWorker.execute(XmlRpcServerWorker.java:46)
	at org.apache.xmlrpc.server.XmlRpcServer.execute(XmlRpcServer.java:86)
	at org.apache.xmlrpc.server.XmlRpcStreamServer.execute(XmlRpcStreamServer.java:200)
	at org.apache.xmlrpc.webserver.Connection.run(Connection.java:208)
	at org.apache.xmlrpc.util.ThreadPool$Poolable$1.run(ThreadPool.java:68)
Caused by: net.sf.jasperreports.engine.JRException: Could not load object from location : /home/dsk/desktop/sungroup/modules/jasper_reports/JasperReports/../report/report_header.jasper
	at net.sf.jasperreports.engine.util.JRLoader.loadObjectFromLocation(JRLoader.java:262)
	at net.sf.jasperreports.engine.fill.JRFillSubreport.evaluateReport(JRFillSubreport.java:301)
	at net.sf.jasperreports.engine.fill.JRFillSubreport.evaluateSubreport(JRFillSubreport.java:327)
	at net.sf.jasperreports.engine.fill.JRFillSubreport.evaluate(JRFillSubreport.java:263)
	at net.sf.jasperreports.engine.fill.JRFillElementContainer.evaluate(JRFillElementContainer.java:258)
	at net.sf.jasperreports.engine.fill.JRFillBand.evaluate(JRFillBand.java:499)
	at net.sf.jasperreports.engine.fill.JRVerticalFiller.fillTitle(JRVerticalFiller.java:326)
	at net.sf.jasperreports.engine.fill.JRVerticalFiller.fillReportStart(JRVerticalFiller.java:262)
	at net.sf.jasperreports.engine.fill.JRVerticalFiller.fillReport(JRVerticalFiller.java:128)
	at net.sf.jasperreports.engine.fill.JRBaseFiller.fill(JRBaseFiller.java:946)
	at net.sf.jasperreports.engine.fill.JRBaseFiller.fill(JRBaseFiller.java:864)
	at net.sf.jasperreports.engine.fill.JRFiller.fillReport(JRFiller.java:84)
	at net.sf.jasperreports.engine.JasperFillManager.fillReport(JasperFillManager.java:624)
	at com.nantic.jasperreports.JasperServer.privateExecute(JasperServer.java:211)
	at com.nantic.jasperreports.JasperServer.execute(JasperServer.java:120)
	at sun.reflect.NativeMethodAccessorImpl.invoke0(Native Method)
	at sun.reflect.NativeMethodAccessorImpl.invoke(NativeMethodAccessorImpl.java:57)
	at sun.reflect.DelegatingMethodAccessorImpl.invoke(DelegatingMethodAccessorImpl.java:43)
	at java.lang.reflect.Method.invoke(Method.java:616)
	at org.apache.xmlrpc.server.ReflectiveXmlRpcHandler.invoke(ReflectiveXmlRpcHandler.java:115)
	... 6 more
Caused by:
net.sf.jasperreports.engine.JRException: Could not load object from location : /home/dsk/desktop/sungroup/modules/jasper_reports/JasperReports/../report/report_header.jasper
	at net.sf.jasperreports.engine.util.JRLoader.loadObjectFromLocation(JRLoader.java:262)
	at net.sf.jasperreports.engine.fill.JRFillSubreport.evaluateReport(JRFillSubreport.java:301)
	at net.sf.jasperreports.engine.fill.JRFillSubreport.evaluateSubreport(JRFillSubreport.java:327)
	at net.sf.jasperreports.engine.fill.JRFillSubreport.evaluate(JRFillSubreport.java:263)
	at net.sf.jasperreports.engine.fill.JRFillElementContainer.evaluate(JRFillElementContainer.java:258)
	at net.sf.jasperreports.engine.fill.JRFillBand.evaluate(JRFillBand.java:499)
	at net.sf.jasperreports.engine.fill.JRVerticalFiller.fillTitle(JRVerticalFiller.java:326)
	at net.sf.jasperreports.engine.fill.JRVerticalFiller.fillReportStart(JRVerticalFiller.java:262)
	at net.sf.jasperreports.engine.fill.JRVerticalFiller.fillReport(JRVerticalFiller.java:128)
	at net.sf.jasperreports.engine.fill.JRBaseFiller.fill(JRBaseFiller.java:946)
	at net.sf.jasperreports.engine.fill.JRBaseFiller.fill(JRBaseFiller.java:864)
	at net.sf.jasperreports.engine.fill.JRFiller.fillReport(JRFiller.java:84)
	at net.sf.jasperreports.engine.JasperFillManager.fillReport(JasperFillManager.java:624)
	at com.nantic.jasperreports.JasperServer.privateExecute(JasperServer.java:211)
	at com.nantic.jasperreports.JasperServer.execute(JasperServer.java:120)
	at sun.reflect.NativeMethodAccessorImpl.invoke0(Native Method)
	at sun.reflect.NativeMethodAccessorImpl.invoke(NativeMethodAccessorImpl.java:57)
	at sun.reflect.DelegatingMethodAccessorImpl.invoke(DelegatingMethodAccessorImpl.java:43)
	at java.lang.reflect.Method.invoke(Method.java:616)
	at org.apache.xmlrpc.server.ReflectiveXmlRpcHandler.invoke(ReflectiveXmlRpcHandler.java:115)
	at org.apache.xmlrpc.server.ReflectiveXmlRpcHandler.execute(ReflectiveXmlRpcHandler.java:106)
	at org.apache.xmlrpc.server.XmlRpcServerWorker.execute(XmlRpcServerWorker.java:46)
	at org.apache.xmlrpc.server.XmlRpcServer.execute(XmlRpcServer.java:86)
	at org.apache.xmlrpc.server.XmlRpcStreamServer.execute(XmlRpcStreamServer.java:200)
	at org.apache.xmlrpc.webserver.Connection.run(Connection.java:208)
	at org.apache.xmlrpc.util.ThreadPool$Poolable$1.run(ThreadPool.java:68)
465965 [XML-RPC-0] ERROR org.apache.xmlrpc.server.XmlRpcErrorLogger - Failed to invoke method execute in class com.nantic.jasperreports.JasperServer: Could not load object from location : /home/dsk/desktop/sungroup/modules/jasper_reports/JasperReports/../report/report_header.jasper
org.apache.xmlrpc.common.XmlRpcInvocationException: Failed to invoke method execute in class com.nantic.jasperreports.JasperServer: Could not load object from location : /home/dsk/desktop/sungroup/modules/jasper_reports/JasperReports/../report/report_header.jasper
	at org.apache.xmlrpc.server.ReflectiveXmlRpcHandler.invoke(ReflectiveXmlRpcHandler.java:129)
	at org.apache.xmlrpc.server.ReflectiveXmlRpcHandler.execute(ReflectiveXmlRpcHandler.java:106)
	at org.apache.xmlrpc.server.XmlRpcServerWorker.execute(XmlRpcServerWorker.java:46)
	at org.apache.xmlrpc.server.XmlRpcServer.execute(XmlRpcServer.java:86)
	at org.apache.xmlrpc.server.XmlRpcStreamServer.execute(XmlRpcStreamServer.java:200)
	at org.apache.xmlrpc.webserver.Connection.run(Connection.java:208)
	at org.apache.xmlrpc.util.ThreadPool$Poolable$1.run(ThreadPool.java:68)
Caused by: net.sf.jasperreports.engine.JRException: Could not load object from location : /home/dsk/desktop/sungroup/modules/jasper_reports/JasperReports/../report/report_header.jasper
	at net.sf.jasperreports.engine.util.JRLoader.loadObjectFromLocation(JRLoader.java:262)
	at net.sf.jasperreports.engine.fill.JRFillSubreport.evaluateReport(JRFillSubreport.java:301)
	at net.sf.jasperreports.engine.fill.JRFillSubreport.evaluateSubreport(JRFillSubreport.java:327)
	at net.sf.jasperreports.engine.fill.JRFillSubreport.evaluate(JRFillSubreport.java:263)
	at net.sf.jasperreports.engine.fill.JRFillElementContainer.evaluate(JRFillElementContainer.java:258)
	at net.sf.jasperreports.engine.fill.JRFillBand.evaluate(JRFillBand.java:499)
	at net.sf.jasperreports.engine.fill.JRVerticalFiller.fillTitle(JRVerticalFiller.java:326)
	at net.sf.jasperreports.engine.fill.JRVerticalFiller.fillReportStart(JRVerticalFiller.java:262)
	at net.sf.jasperreports.engine.fill.JRVerticalFiller.fillReport(JRVerticalFiller.java:128)
	at net.sf.jasperreports.engine.fill.JRBaseFiller.fill(JRBaseFiller.java:946)
	at net.sf.jasperreports.engine.fill.JRBaseFiller.fill(JRBaseFiller.java:864)
	at net.sf.jasperreports.engine.fill.JRFiller.fillReport(JRFiller.java:84)
	at net.sf.jasperreports.engine.JasperFillManager.fillReport(JasperFillManager.java:624)
	at com.nantic.jasperreports.JasperServer.privateExecute(JasperServer.java:211)
	at com.nantic.jasperreports.JasperServer.execute(JasperServer.java:120)
	at sun.reflect.NativeMethodAccessorImpl.invoke0(Native Method)
	at sun.reflect.NativeMethodAccessorImpl.invoke(NativeMethodAccessorImpl.java:57)
	at sun.reflect.DelegatingMethodAccessorImpl.invoke(DelegatingMethodAccessorImpl.java:43)
	at java.lang.reflect.Method.invoke(Method.java:616)
	at org.apache.xmlrpc.server.ReflectiveXmlRpcHandler.invoke(ReflectiveXmlRpcHandler.java:115)
	... 6 more
Caused by:
net.sf.jasperreports.engine.JRException: Could not load object from location : /home/dsk/desktop/sungroup/modules/jasper_reports/JasperReports/../report/report_header.jasper
	at net.sf.jasperreports.engine.util.JRLoader.loadObjectFromLocation(JRLoader.java:262)
	at net.sf.jasperreports.engine.fill.JRFillSubreport.evaluateReport(JRFillSubreport.java:301)
	at net.sf.jasperreports.engine.fill.JRFillSubreport.evaluateSubreport(JRFillSubreport.java:327)
	at net.sf.jasperreports.engine.fill.JRFillSubreport.evaluate(JRFillSubreport.java:263)
	at net.sf.jasperreports.engine.fill.JRFillElementContainer.evaluate(JRFillElementContainer.java:258)
	at net.sf.jasperreports.engine.fill.JRFillBand.evaluate(JRFillBand.java:499)
	at net.sf.jasperreports.engine.fill.JRVerticalFiller.fillTitle(JRVerticalFiller.java:326)
	at net.sf.jasperreports.engine.fill.JRVerticalFiller.fillReportStart(JRVerticalFiller.java:262)
	at net.sf.jasperreports.engine.fill.JRVerticalFiller.fillReport(JRVerticalFiller.java:128)
	at net.sf.jasperreports.engine.fill.JRBaseFiller.fill(JRBaseFiller.java:946)
	at net.sf.jasperreports.engine.fill.JRBaseFiller.fill(JRBaseFiller.java:864)
	at net.sf.jasperreports.engine.fill.JRFiller.fillReport(JRFiller.java:84)
	at net.sf.jasperreports.engine.JasperFillManager.fillReport(JasperFillManager.java:624)
	at com.nantic.jasperreports.JasperServer.privateExecute(JasperServer.java:211)
	at com.nantic.jasperreports.JasperServer.execute(JasperServer.java:120)
	at sun.reflect.NativeMethodAccessorImpl.invoke0(Native Method)
	at sun.reflect.NativeMethodAccessorImpl.invoke(NativeMethodAccessorImpl.java:57)
	at sun.reflect.DelegatingMethodAccessorImpl.invoke(DelegatingMethodAccessorImpl.java:43)
	at java.lang.reflect.Method.invoke(Method.java:616)
	at org.apache.xmlrpc.server.ReflectiveXmlRpcHandler.invoke(ReflectiveXmlRpcHandler.java:115)
	at org.apache.xmlrpc.server.ReflectiveXmlRpcHandler.execute(ReflectiveXmlRpcHandler.java:106)
	at org.apache.xmlrpc.server.XmlRpcServerWorker.execute(XmlRpcServerWorker.java:46)
	at org.apache.xmlrpc.server.XmlRpcServer.execute(XmlRpcServer.java:86)
	at org.apache.xmlrpc.server.XmlRpcStreamServer.execute(XmlRpcStreamServer.java:200)
	at org.apache.xmlrpc.webserver.Connection.run(Connection.java:208)
	at org.apache.xmlrpc.util.ThreadPool$Poolable$1.run(ThreadPool.java:68)
548203 [XML-RPC-0] ERROR org.apache.xmlrpc.server.XmlRpcErrorLogger - Failed to invoke method execute in class com.nantic.jasperreports.JasperServer: Could not load object from location : /home/dsk/desktop/sungroup/modules/jasper_reports/JasperReports/../report/report_header.jasper
org.apache.xmlrpc.common.XmlRpcInvocationException: Failed to invoke method execute in class com.nantic.jasperreports.JasperServer: Could not load object from location : /home/dsk/desktop/sungroup/modules/jasper_reports/JasperReports/../report/report_header.jasper
	at org.apache.xmlrpc.server.ReflectiveXmlRpcHandler.invoke(ReflectiveXmlRpcHandler.java:129)
	at org.apache.xmlrpc.server.ReflectiveXmlRpcHandler.execute(ReflectiveXmlRpcHandler.java:106)
	at org.apache.xmlrpc.server.XmlRpcServerWorker.execute(XmlRpcServerWorker.java:46)
	at org.apache.xmlrpc.server.XmlRpcServer.execute(XmlRpcServer.java:86)
	at org.apache.xmlrpc.server.XmlRpcStreamServer.execute(XmlRpcStreamServer.java:200)
	at org.apache.xmlrpc.webserver.Connection.run(Connection.java:208)
	at org.apache.xmlrpc.util.ThreadPool$Poolable$1.run(ThreadPool.java:68)
Caused by: net.sf.jasperreports.engine.JRException: Could not load object from location : /home/dsk/desktop/sungroup/modules/jasper_reports/JasperReports/../report/report_header.jasper
	at net.sf.jasperreports.engine.util.JRLoader.loadObjectFromLocation(JRLoader.java:262)
	at net.sf.jasperreports.engine.fill.JRFillSubreport.evaluateReport(JRFillSubreport.java:301)
	at net.sf.jasperreports.engine.fill.JRFillSubreport.evaluateSubreport(JRFillSubreport.java:327)
	at net.sf.jasperreports.engine.fill.JRFillSubreport.evaluate(JRFillSubreport.java:263)
	at net.sf.jasperreports.engine.fill.JRFillElementContainer.evaluate(JRFillElementContainer.java:258)
	at net.sf.jasperreports.engine.fill.JRFillBand.evaluate(JRFillBand.java:499)
	at net.sf.jasperreports.engine.fill.JRVerticalFiller.fillTitle(JRVerticalFiller.java:326)
	at net.sf.jasperreports.engine.fill.JRVerticalFiller.fillReportStart(JRVerticalFiller.java:262)
	at net.sf.jasperreports.engine.fill.JRVerticalFiller.fillReport(JRVerticalFiller.java:128)
	at net.sf.jasperreports.engine.fill.JRBaseFiller.fill(JRBaseFiller.java:946)
	at net.sf.jasperreports.engine.fill.JRBaseFiller.fill(JRBaseFiller.java:864)
	at net.sf.jasperreports.engine.fill.JRFiller.fillReport(JRFiller.java:84)
	at net.sf.jasperreports.engine.JasperFillManager.fillReport(JasperFillManager.java:624)
	at com.nantic.jasperreports.JasperServer.privateExecute(JasperServer.java:211)
	at com.nantic.jasperreports.JasperServer.execute(JasperServer.java:120)
	at sun.reflect.NativeMethodAccessorImpl.invoke0(Native Method)
	at sun.reflect.NativeMethodAccessorImpl.invoke(NativeMethodAccessorImpl.java:57)
	at sun.reflect.DelegatingMethodAccessorImpl.invoke(DelegatingMethodAccessorImpl.java:43)
	at java.lang.reflect.Method.invoke(Method.java:616)
	at org.apache.xmlrpc.server.ReflectiveXmlRpcHandler.invoke(ReflectiveXmlRpcHandler.java:115)
	... 6 more
Caused by:
net.sf.jasperreports.engine.JRException: Could not load object from location : /home/dsk/desktop/sungroup/modules/jasper_reports/JasperReports/../report/report_header.jasper
	at net.sf.jasperreports.engine.util.JRLoader.loadObjectFromLocation(JRLoader.java:262)
	at net.sf.jasperreports.engine.fill.JRFillSubreport.evaluateReport(JRFillSubreport.java:301)
	at net.sf.jasperreports.engine.fill.JRFillSubreport.evaluateSubreport(JRFillSubreport.java:327)
	at net.sf.jasperreports.engine.fill.JRFillSubreport.evaluate(JRFillSubreport.java:263)
	at net.sf.jasperreports.engine.fill.JRFillElementContainer.evaluate(JRFillElementContainer.java:258)
	at net.sf.jasperreports.engine.fill.JRFillBand.evaluate(JRFillBand.java:499)
	at net.sf.jasperreports.engine.fill.JRVerticalFiller.fillTitle(JRVerticalFiller.java:326)
	at net.sf.jasperreports.engine.fill.JRVerticalFiller.fillReportStart(JRVerticalFiller.java:262)
	at net.sf.jasperreports.engine.fill.JRVerticalFiller.fillReport(JRVerticalFiller.java:128)
	at net.sf.jasperreports.engine.fill.JRBaseFiller.fill(JRBaseFiller.java:946)
	at net.sf.jasperreports.engine.fill.JRBaseFiller.fill(JRBaseFiller.java:864)
	at net.sf.jasperreports.engine.fill.JRFiller.fillReport(JRFiller.java:84)
	at net.sf.jasperreports.engine.JasperFillManager.fillReport(JasperFillManager.java:624)
	at com.nantic.jasperreports.JasperServer.privateExecute(JasperServer.java:211)
	at com.nantic.jasperreports.JasperServer.execute(JasperServer.java:120)
	at sun.reflect.NativeMethodAccessorImpl.invoke0(Native Method)
	at sun.reflect.NativeMethodAccessorImpl.invoke(NativeMethodAccessorImpl.java:57)
	at sun.reflect.DelegatingMethodAccessorImpl.invoke(DelegatingMethodAccessorImpl.java:43)
	at java.lang.reflect.Method.invoke(Method.java:616)
	at org.apache.xmlrpc.server.ReflectiveXmlRpcHandler.invoke(ReflectiveXmlRpcHandler.java:115)
	at org.apache.xmlrpc.server.ReflectiveXmlRpcHandler.execute(ReflectiveXmlRpcHandler.java:106)
	at org.apache.xmlrpc.server.XmlRpcServerWorker.execute(XmlRpcServerWorker.java:46)
	at org.apache.xmlrpc.server.XmlRpcServer.execute(XmlRpcServer.java:86)
	at org.apache.xmlrpc.server.XmlRpcStreamServer.execute(XmlRpcStreamServer.java:200)
	at org.apache.xmlrpc.webserver.Connection.run(Connection.java:208)
	at org.apache.xmlrpc.util.ThreadPool$Poolable$1.run(ThreadPool.java:68)
648251 [XML-RPC-0] ERROR org.apache.xmlrpc.server.XmlRpcErrorLogger - Failed to invoke method execute in class com.nantic.jasperreports.JasperServer: Could not load object from location : /home/dsk/desktop/sungroup/modules/jasper_reports/JasperReports/../report/report_header.jasper
org.apache.xmlrpc.common.XmlRpcInvocationException: Failed to invoke method execute in class com.nantic.jasperreports.JasperServer: Could not load object from location : /home/dsk/desktop/sungroup/modules/jasper_reports/JasperReports/../report/report_header.jasper
	at org.apache.xmlrpc.server.ReflectiveXmlRpcHandler.invoke(ReflectiveXmlRpcHandler.java:129)
	at org.apache.xmlrpc.server.ReflectiveXmlRpcHandler.execute(ReflectiveXmlRpcHandler.java:106)
	at org.apache.xmlrpc.server.XmlRpcServerWorker.execute(XmlRpcServerWorker.java:46)
	at org.apache.xmlrpc.server.XmlRpcServer.execute(XmlRpcServer.java:86)
	at org.apache.xmlrpc.server.XmlRpcStreamServer.execute(XmlRpcStreamServer.java:200)
	at org.apache.xmlrpc.webserver.Connection.run(Connection.java:208)
	at org.apache.xmlrpc.util.ThreadPool$Poolable$1.run(ThreadPool.java:68)
Caused by: net.sf.jasperreports.engine.JRException: Could not load object from location : /home/dsk/desktop/sungroup/modules/jasper_reports/JasperReports/../report/report_header.jasper
	at net.sf.jasperreports.engine.util.JRLoader.loadObjectFromLocation(JRLoader.java:262)
	at net.sf.jasperreports.engine.fill.JRFillSubreport.evaluateReport(JRFillSubreport.java:301)
	at net.sf.jasperreports.engine.fill.JRFillSubreport.evaluateSubreport(JRFillSubreport.java:327)
	at net.sf.jasperreports.engine.fill.JRFillSubreport.evaluate(JRFillSubreport.java:263)
	at net.sf.jasperreports.engine.fill.JRFillElementContainer.evaluate(JRFillElementContainer.java:258)
	at net.sf.jasperreports.engine.fill.JRFillBand.evaluate(JRFillBand.java:499)
	at net.sf.jasperreports.engine.fill.JRVerticalFiller.fillTitle(JRVerticalFiller.java:326)
	at net.sf.jasperreports.engine.fill.JRVerticalFiller.fillReportStart(JRVerticalFiller.java:262)
	at net.sf.jasperreports.engine.fill.JRVerticalFiller.fillReport(JRVerticalFiller.java:128)
	at net.sf.jasperreports.engine.fill.JRBaseFiller.fill(JRBaseFiller.java:946)
	at net.sf.jasperreports.engine.fill.JRBaseFiller.fill(JRBaseFiller.java:864)
	at net.sf.jasperreports.engine.fill.JRFiller.fillReport(JRFiller.java:84)
	at net.sf.jasperreports.engine.JasperFillManager.fillReport(JasperFillManager.java:624)
	at com.nantic.jasperreports.JasperServer.privateExecute(JasperServer.java:211)
	at com.nantic.jasperreports.JasperServer.execute(JasperServer.java:120)
	at sun.reflect.NativeMethodAccessorImpl.invoke0(Native Method)
	at sun.reflect.NativeMethodAccessorImpl.invoke(NativeMethodAccessorImpl.java:57)
	at sun.reflect.DelegatingMethodAccessorImpl.invoke(DelegatingMethodAccessorImpl.java:43)
	at java.lang.reflect.Method.invoke(Method.java:616)
	at org.apache.xmlrpc.server.ReflectiveXmlRpcHandler.invoke(ReflectiveXmlRpcHandler.java:115)
	... 6 more
Caused by:
net.sf.jasperreports.engine.JRException: Could not load object from location : /home/dsk/desktop/sungroup/modules/jasper_reports/JasperReports/../report/report_header.jasper
	at net.sf.jasperreports.engine.util.JRLoader.loadObjectFromLocation(JRLoader.java:262)
	at net.sf.jasperreports.engine.fill.JRFillSubreport.evaluateReport(JRFillSubreport.java:301)
	at net.sf.jasperreports.engine.fill.JRFillSubreport.evaluateSubreport(JRFillSubreport.java:327)
	at net.sf.jasperreports.engine.fill.JRFillSubreport.evaluate(JRFillSubreport.java:263)
	at net.sf.jasperreports.engine.fill.JRFillElementContainer.evaluate(JRFillElementContainer.java:258)
	at net.sf.jasperreports.engine.fill.JRFillBand.evaluate(JRFillBand.java:499)
	at net.sf.jasperreports.engine.fill.JRVerticalFiller.fillTitle(JRVerticalFiller.java:326)
	at net.sf.jasperreports.engine.fill.JRVerticalFiller.fillReportStart(JRVerticalFiller.java:262)
	at net.sf.jasperreports.engine.fill.JRVerticalFiller.fillReport(JRVerticalFiller.java:128)
	at net.sf.jasperreports.engine.fill.JRBaseFiller.fill(JRBaseFiller.java:946)
	at net.sf.jasperreports.engine.fill.JRBaseFiller.fill(JRBaseFiller.java:864)
	at net.sf.jasperreports.engine.fill.JRFiller.fillReport(JRFiller.java:84)
	at net.sf.jasperreports.engine.JasperFillManager.fillReport(JasperFillManager.java:624)
	at com.nantic.jasperreports.JasperServer.privateExecute(JasperServer.java:211)
	at com.nantic.jasperreports.JasperServer.execute(JasperServer.java:120)
	at sun.reflect.NativeMethodAccessorImpl.invoke0(Native Method)
	at sun.reflect.NativeMethodAccessorImpl.invoke(NativeMethodAccessorImpl.java:57)
	at sun.reflect.DelegatingMethodAccessorImpl.invoke(DelegatingMethodAccessorImpl.java:43)
	at java.lang.reflect.Method.invoke(Method.java:616)
	at org.apache.xmlrpc.server.ReflectiveXmlRpcHandler.invoke(ReflectiveXmlRpcHandler.java:115)
	at org.apache.xmlrpc.server.ReflectiveXmlRpcHandler.execute(ReflectiveXmlRpcHandler.java:106)
	at org.apache.xmlrpc.server.XmlRpcServerWorker.execute(XmlRpcServerWorker.java:46)
	at org.apache.xmlrpc.server.XmlRpcServer.execute(XmlRpcServer.java:86)
	at org.apache.xmlrpc.server.XmlRpcStreamServer.execute(XmlRpcStreamServer.java:200)
	at org.apache.xmlrpc.webserver.Connection.run(Connection.java:208)
	at org.apache.xmlrpc.util.ThreadPool$Poolable$1.run(ThreadPool.java:68)
1037047 [XML-RPC-0] ERROR net.sf.jasperreports.engine.fill.JRFillSubreport - Fill 20508445: exception
java.lang.NullPointerException
	at java.lang.Class.isAssignableFrom(Native Method)
	at net.sf.jasperreports.engine.fill.JRFillTextField.getFormat(JRFillTextField.java:706)
	at net.sf.jasperreports.engine.fill.JRFillTextField.evaluateText(JRFillTextField.java:394)
	at net.sf.jasperreports.engine.fill.JRFillTextField.evaluate(JRFillTextField.java:368)
	at net.sf.jasperreports.engine.fill.JRFillElementContainer.evaluate(JRFillElementContainer.java:258)
	at net.sf.jasperreports.engine.fill.JRFillBand.evaluate(JRFillBand.java:499)
	at net.sf.jasperreports.engine.fill.JRVerticalFiller.fillTitle(JRVerticalFiller.java:326)
	at net.sf.jasperreports.engine.fill.JRVerticalFiller.fillReport(JRVerticalFiller.java:164)
	at net.sf.jasperreports.engine.fill.JRBaseFiller.fill(JRBaseFiller.java:946)
	at net.sf.jasperreports.engine.fill.JRBaseFiller.fill(JRBaseFiller.java:864)
	at net.sf.jasperreports.engine.fill.JRFillSubreport.fillSubreport(JRFillSubreport.java:613)
	at net.sf.jasperreports.engine.fill.JRSubreportRunnable.run(JRSubreportRunnable.java:59)
	at net.sf.jasperreports.engine.fill.JRThreadSubreportRunner.run(JRThreadSubreportRunner.java:205)
	at java.lang.Thread.run(Thread.java:679)
1037049 [XML-RPC-0] ERROR org.apache.xmlrpc.server.XmlRpcErrorLogger - Failed to invoke method execute in class com.nantic.jasperreports.JasperServer: null
org.apache.xmlrpc.common.XmlRpcInvocationException: Failed to invoke method execute in class com.nantic.jasperreports.JasperServer: null
	at org.apache.xmlrpc.server.ReflectiveXmlRpcHandler.invoke(ReflectiveXmlRpcHandler.java:129)
	at org.apache.xmlrpc.server.ReflectiveXmlRpcHandler.execute(ReflectiveXmlRpcHandler.java:106)
	at org.apache.xmlrpc.server.XmlRpcServerWorker.execute(XmlRpcServerWorker.java:46)
	at org.apache.xmlrpc.server.XmlRpcServer.execute(XmlRpcServer.java:86)
	at org.apache.xmlrpc.server.XmlRpcStreamServer.execute(XmlRpcStreamServer.java:200)
	at org.apache.xmlrpc.webserver.Connection.run(Connection.java:208)
	at org.apache.xmlrpc.util.ThreadPool$Poolable$1.run(ThreadPool.java:68)
Caused by: java.lang.NullPointerException
	at java.lang.Class.isAssignableFrom(Native Method)
	at net.sf.jasperreports.engine.fill.JRFillTextField.getFormat(JRFillTextField.java:706)
	at net.sf.jasperreports.engine.fill.JRFillTextField.evaluateText(JRFillTextField.java:394)
	at net.sf.jasperreports.engine.fill.JRFillTextField.evaluate(JRFillTextField.java:368)
	at net.sf.jasperreports.engine.fill.JRFillElementContainer.evaluate(JRFillElementContainer.java:258)
	at net.sf.jasperreports.engine.fill.JRFillBand.evaluate(JRFillBand.java:499)
	at net.sf.jasperreports.engine.fill.JRVerticalFiller.fillTitle(JRVerticalFiller.java:326)
	at net.sf.jasperreports.engine.fill.JRVerticalFiller.fillReport(JRVerticalFiller.java:164)
	at net.sf.jasperreports.engine.fill.JRBaseFiller.fill(JRBaseFiller.java:946)
	at net.sf.jasperreports.engine.fill.JRBaseFiller.fill(JRBaseFiller.java:864)
	at net.sf.jasperreports.engine.fill.JRFillSubreport.fillSubreport(JRFillSubreport.java:613)
	at net.sf.jasperreports.engine.fill.JRSubreportRunnable.run(JRSubreportRunnable.java:59)
	at net.sf.jasperreports.engine.fill.JRThreadSubreportRunner.run(JRThreadSubreportRunner.java:205)
	at java.lang.Thread.run(Thread.java:679)
Caused by:
java.lang.NullPointerException
	at java.lang.Class.isAssignableFrom(Native Method)
	at net.sf.jasperreports.engine.fill.JRFillTextField.getFormat(JRFillTextField.java:706)
	at net.sf.jasperreports.engine.fill.JRFillTextField.evaluateText(JRFillTextField.java:394)
	at net.sf.jasperreports.engine.fill.JRFillTextField.evaluate(JRFillTextField.java:368)
	at net.sf.jasperreports.engine.fill.JRFillElementContainer.evaluate(JRFillElementContainer.java:258)
	at net.sf.jasperreports.engine.fill.JRFillBand.evaluate(JRFillBand.java:499)
	at net.sf.jasperreports.engine.fill.JRVerticalFiller.fillTitle(JRVerticalFiller.java:326)
	at net.sf.jasperreports.engine.fill.JRVerticalFiller.fillReport(JRVerticalFiller.java:164)
	at net.sf.jasperreports.engine.fill.JRBaseFiller.fill(JRBaseFiller.java:946)
	at net.sf.jasperreports.engine.fill.JRBaseFiller.fill(JRBaseFiller.java:864)
	at net.sf.jasperreports.engine.fill.JRFillSubreport.fillSubreport(JRFillSubreport.java:613)
	at net.sf.jasperreports.engine.fill.JRSubreportRunnable.run(JRSubreportRunnable.java:59)
	at net.sf.jasperreports.engine.fill.JRThreadSubreportRunner.run(JRThreadSubreportRunner.java:205)
	at java.lang.Thread.run(Thread.java:679)
1083491 [XML-RPC-0] ERROR net.sf.jasperreports.engine.fill.JRFillSubreport - Fill 29010136: exception
java.lang.NullPointerException
	at java.lang.Class.isAssignableFrom(Native Method)
	at net.sf.jasperreports.engine.fill.JRFillTextField.getFormat(JRFillTextField.java:706)
	at net.sf.jasperreports.engine.fill.JRFillTextField.evaluateText(JRFillTextField.java:394)
	at net.sf.jasperreports.engine.fill.JRFillTextField.evaluate(JRFillTextField.java:368)
	at net.sf.jasperreports.engine.fill.JRFillElementContainer.evaluate(JRFillElementContainer.java:258)
	at net.sf.jasperreports.engine.fill.JRFillBand.evaluate(JRFillBand.java:499)
	at net.sf.jasperreports.engine.fill.JRVerticalFiller.fillTitle(JRVerticalFiller.java:326)
	at net.sf.jasperreports.engine.fill.JRVerticalFiller.fillReport(JRVerticalFiller.java:164)
	at net.sf.jasperreports.engine.fill.JRBaseFiller.fill(JRBaseFiller.java:946)
	at net.sf.jasperreports.engine.fill.JRBaseFiller.fill(JRBaseFiller.java:864)
	at net.sf.jasperreports.engine.fill.JRFillSubreport.fillSubreport(JRFillSubreport.java:613)
	at net.sf.jasperreports.engine.fill.JRSubreportRunnable.run(JRSubreportRunnable.java:59)
	at net.sf.jasperreports.engine.fill.JRThreadSubreportRunner.run(JRThreadSubreportRunner.java:205)
	at java.lang.Thread.run(Thread.java:679)
1083491 [XML-RPC-0] ERROR org.apache.xmlrpc.server.XmlRpcErrorLogger - Failed to invoke method execute in class com.nantic.jasperreports.JasperServer: null
org.apache.xmlrpc.common.XmlRpcInvocationException: Failed to invoke method execute in class com.nantic.jasperreports.JasperServer: null
	at org.apache.xmlrpc.server.ReflectiveXmlRpcHandler.invoke(ReflectiveXmlRpcHandler.java:129)
	at org.apache.xmlrpc.server.ReflectiveXmlRpcHandler.execute(ReflectiveXmlRpcHandler.java:106)
	at org.apache.xmlrpc.server.XmlRpcServerWorker.execute(XmlRpcServerWorker.java:46)
	at org.apache.xmlrpc.server.XmlRpcServer.execute(XmlRpcServer.java:86)
	at org.apache.xmlrpc.server.XmlRpcStreamServer.execute(XmlRpcStreamServer.java:200)
	at org.apache.xmlrpc.webserver.Connection.run(Connection.java:208)
	at org.apache.xmlrpc.util.ThreadPool$Poolable$1.run(ThreadPool.java:68)
Caused by: java.lang.NullPointerException
	at java.lang.Class.isAssignableFrom(Native Method)
	at net.sf.jasperreports.engine.fill.JRFillTextField.getFormat(JRFillTextField.java:706)
	at net.sf.jasperreports.engine.fill.JRFillTextField.evaluateText(JRFillTextField.java:394)
	at net.sf.jasperreports.engine.fill.JRFillTextField.evaluate(JRFillTextField.java:368)
	at net.sf.jasperreports.engine.fill.JRFillElementContainer.evaluate(JRFillElementContainer.java:258)
	at net.sf.jasperreports.engine.fill.JRFillBand.evaluate(JRFillBand.java:499)
	at net.sf.jasperreports.engine.fill.JRVerticalFiller.fillTitle(JRVerticalFiller.java:326)
	at net.sf.jasperreports.engine.fill.JRVerticalFiller.fillReport(JRVerticalFiller.java:164)
	at net.sf.jasperreports.engine.fill.JRBaseFiller.fill(JRBaseFiller.java:946)
	at net.sf.jasperreports.engine.fill.JRBaseFiller.fill(JRBaseFiller.java:864)
	at net.sf.jasperreports.engine.fill.JRFillSubreport.fillSubreport(JRFillSubreport.java:613)
	at net.sf.jasperreports.engine.fill.JRSubreportRunnable.run(JRSubreportRunnable.java:59)
	at net.sf.jasperreports.engine.fill.JRThreadSubreportRunner.run(JRThreadSubreportRunner.java:205)
	at java.lang.Thread.run(Thread.java:679)
Caused by:
java.lang.NullPointerException
	at java.lang.Class.isAssignableFrom(Native Method)
	at net.sf.jasperreports.engine.fill.JRFillTextField.getFormat(JRFillTextField.java:706)
	at net.sf.jasperreports.engine.fill.JRFillTextField.evaluateText(JRFillTextField.java:394)
	at net.sf.jasperreports.engine.fill.JRFillTextField.evaluate(JRFillTextField.java:368)
	at net.sf.jasperreports.engine.fill.JRFillElementContainer.evaluate(JRFillElementContainer.java:258)
	at net.sf.jasperreports.engine.fill.JRFillBand.evaluate(JRFillBand.java:499)
	at net.sf.jasperreports.engine.fill.JRVerticalFiller.fillTitle(JRVerticalFiller.java:326)
	at net.sf.jasperreports.engine.fill.JRVerticalFiller.fillReport(JRVerticalFiller.java:164)
	at net.sf.jasperreports.engine.fill.JRBaseFiller.fill(JRBaseFiller.java:946)
	at net.sf.jasperreports.engine.fill.JRBaseFiller.fill(JRBaseFiller.java:864)
	at net.sf.jasperreports.engine.fill.JRFillSubreport.fillSubreport(JRFillSubreport.java:613)
	at net.sf.jasperreports.engine.fill.JRSubreportRunnable.run(JRSubreportRunnable.java:59)
	at net.sf.jasperreports.engine.fill.JRThreadSubreportRunner.run(JRThreadSubreportRunner.java:205)
	at java.lang.Thread.run(Thread.java:679)
1226669 [XML-RPC-0] ERROR net.sf.jasperreports.engine.fill.JRFillSubreport - Fill 10530939: exception
java.lang.NullPointerException
	at java.lang.Class.isAssignableFrom(Native Method)
	at net.sf.jasperreports.engine.fill.JRFillTextField.getFormat(JRFillTextField.java:706)
	at net.sf.jasperreports.engine.fill.JRFillTextField.evaluateText(JRFillTextField.java:394)
	at net.sf.jasperreports.engine.fill.JRFillTextField.evaluate(JRFillTextField.java:368)
	at net.sf.jasperreports.engine.fill.JRFillElementContainer.evaluate(JRFillElementContainer.java:258)
	at net.sf.jasperreports.engine.fill.JRFillBand.evaluate(JRFillBand.java:499)
	at net.sf.jasperreports.engine.fill.JRVerticalFiller.fillTitle(JRVerticalFiller.java:326)
	at net.sf.jasperreports.engine.fill.JRVerticalFiller.fillReport(JRVerticalFiller.java:164)
	at net.sf.jasperreports.engine.fill.JRBaseFiller.fill(JRBaseFiller.java:946)
	at net.sf.jasperreports.engine.fill.JRBaseFiller.fill(JRBaseFiller.java:864)
	at net.sf.jasperreports.engine.fill.JRFillSubreport.fillSubreport(JRFillSubreport.java:613)
	at net.sf.jasperreports.engine.fill.JRSubreportRunnable.run(JRSubreportRunnable.java:59)
	at net.sf.jasperreports.engine.fill.JRThreadSubreportRunner.run(JRThreadSubreportRunner.java:205)
	at java.lang.Thread.run(Thread.java:679)
1226670 [XML-RPC-0] ERROR org.apache.xmlrpc.server.XmlRpcErrorLogger - Failed to invoke method execute in class com.nantic.jasperreports.JasperServer: null
org.apache.xmlrpc.common.XmlRpcInvocationException: Failed to invoke method execute in class com.nantic.jasperreports.JasperServer: null
	at org.apache.xmlrpc.server.ReflectiveXmlRpcHandler.invoke(ReflectiveXmlRpcHandler.java:129)
	at org.apache.xmlrpc.server.ReflectiveXmlRpcHandler.execute(ReflectiveXmlRpcHandler.java:106)
	at org.apache.xmlrpc.server.XmlRpcServerWorker.execute(XmlRpcServerWorker.java:46)
	at org.apache.xmlrpc.server.XmlRpcServer.execute(XmlRpcServer.java:86)
	at org.apache.xmlrpc.server.XmlRpcStreamServer.execute(XmlRpcStreamServer.java:200)
	at org.apache.xmlrpc.webserver.Connection.run(Connection.java:208)
	at org.apache.xmlrpc.util.ThreadPool$Poolable$1.run(ThreadPool.java:68)
Caused by: java.lang.NullPointerException
	at java.lang.Class.isAssignableFrom(Native Method)
	at net.sf.jasperreports.engine.fill.JRFillTextField.getFormat(JRFillTextField.java:706)
	at net.sf.jasperreports.engine.fill.JRFillTextField.evaluateText(JRFillTextField.java:394)
	at net.sf.jasperreports.engine.fill.JRFillTextField.evaluate(JRFillTextField.java:368)
	at net.sf.jasperreports.engine.fill.JRFillElementContainer.evaluate(JRFillElementContainer.java:258)
	at net.sf.jasperreports.engine.fill.JRFillBand.evaluate(JRFillBand.java:499)
	at net.sf.jasperreports.engine.fill.JRVerticalFiller.fillTitle(JRVerticalFiller.java:326)
	at net.sf.jasperreports.engine.fill.JRVerticalFiller.fillReport(JRVerticalFiller.java:164)
	at net.sf.jasperreports.engine.fill.JRBaseFiller.fill(JRBaseFiller.java:946)
	at net.sf.jasperreports.engine.fill.JRBaseFiller.fill(JRBaseFiller.java:864)
	at net.sf.jasperreports.engine.fill.JRFillSubreport.fillSubreport(JRFillSubreport.java:613)
	at net.sf.jasperreports.engine.fill.JRSubreportRunnable.run(JRSubreportRunnable.java:59)
	at net.sf.jasperreports.engine.fill.JRThreadSubreportRunner.run(JRThreadSubreportRunner.java:205)
	at java.lang.Thread.run(Thread.java:679)
Caused by:
java.lang.NullPointerException
	at java.lang.Class.isAssignableFrom(Native Method)
	at net.sf.jasperreports.engine.fill.JRFillTextField.getFormat(JRFillTextField.java:706)
	at net.sf.jasperreports.engine.fill.JRFillTextField.evaluateText(JRFillTextField.java:394)
	at net.sf.jasperreports.engine.fill.JRFillTextField.evaluate(JRFillTextField.java:368)
	at net.sf.jasperreports.engine.fill.JRFillElementContainer.evaluate(JRFillElementContainer.java:258)
	at net.sf.jasperreports.engine.fill.JRFillBand.evaluate(JRFillBand.java:499)
	at net.sf.jasperreports.engine.fill.JRVerticalFiller.fillTitle(JRVerticalFiller.java:326)
	at net.sf.jasperreports.engine.fill.JRVerticalFiller.fillReport(JRVerticalFiller.java:164)
	at net.sf.jasperreports.engine.fill.JRBaseFiller.fill(JRBaseFiller.java:946)
	at net.sf.jasperreports.engine.fill.JRBaseFiller.fill(JRBaseFiller.java:864)
	at net.sf.jasperreports.engine.fill.JRFillSubreport.fillSubreport(JRFillSubreport.java:613)
	at net.sf.jasperreports.engine.fill.JRSubreportRunnable.run(JRSubreportRunnable.java:59)
	at net.sf.jasperreports.engine.fill.JRThreadSubreportRunner.run(JRThreadSubreportRunner.java:205)
	at java.lang.Thread.run(Thread.java:679)
1259276 [XML-RPC-0] ERROR net.sf.jasperreports.engine.fill.JRFillSubreport - Fill 29237054: exception
java.lang.NullPointerException
	at java.lang.Class.isAssignableFrom(Native Method)
	at net.sf.jasperreports.engine.fill.JRFillTextField.getFormat(JRFillTextField.java:706)
	at net.sf.jasperreports.engine.fill.JRFillTextField.evaluateText(JRFillTextField.java:394)
	at net.sf.jasperreports.engine.fill.JRFillTextField.evaluate(JRFillTextField.java:368)
	at net.sf.jasperreports.engine.fill.JRFillElementContainer.evaluate(JRFillElementContainer.java:258)
	at net.sf.jasperreports.engine.fill.JRFillBand.evaluate(JRFillBand.java:499)
	at net.sf.jasperreports.engine.fill.JRVerticalFiller.fillTitle(JRVerticalFiller.java:326)
	at net.sf.jasperreports.engine.fill.JRVerticalFiller.fillReport(JRVerticalFiller.java:164)
	at net.sf.jasperreports.engine.fill.JRBaseFiller.fill(JRBaseFiller.java:946)
	at net.sf.jasperreports.engine.fill.JRBaseFiller.fill(JRBaseFiller.java:864)
	at net.sf.jasperreports.engine.fill.JRFillSubreport.fillSubreport(JRFillSubreport.java:613)
	at net.sf.jasperreports.engine.fill.JRSubreportRunnable.run(JRSubreportRunnable.java:59)
	at net.sf.jasperreports.engine.fill.JRThreadSubreportRunner.run(JRThreadSubreportRunner.java:205)
	at java.lang.Thread.run(Thread.java:679)
1259277 [XML-RPC-0] ERROR org.apache.xmlrpc.server.XmlRpcErrorLogger - Failed to invoke method execute in class com.nantic.jasperreports.JasperServer: null
org.apache.xmlrpc.common.XmlRpcInvocationException: Failed to invoke method execute in class com.nantic.jasperreports.JasperServer: null
	at org.apache.xmlrpc.server.ReflectiveXmlRpcHandler.invoke(ReflectiveXmlRpcHandler.java:129)
	at org.apache.xmlrpc.server.ReflectiveXmlRpcHandler.execute(ReflectiveXmlRpcHandler.java:106)
	at org.apache.xmlrpc.server.XmlRpcServerWorker.execute(XmlRpcServerWorker.java:46)
	at org.apache.xmlrpc.server.XmlRpcServer.execute(XmlRpcServer.java:86)
	at org.apache.xmlrpc.server.XmlRpcStreamServer.execute(XmlRpcStreamServer.java:200)
	at org.apache.xmlrpc.webserver.Connection.run(Connection.java:208)
	at org.apache.xmlrpc.util.ThreadPool$Poolable$1.run(ThreadPool.java:68)
Caused by: java.lang.NullPointerException
	at java.lang.Class.isAssignableFrom(Native Method)
	at net.sf.jasperreports.engine.fill.JRFillTextField.getFormat(JRFillTextField.java:706)
	at net.sf.jasperreports.engine.fill.JRFillTextField.evaluateText(JRFillTextField.java:394)
	at net.sf.jasperreports.engine.fill.JRFillTextField.evaluate(JRFillTextField.java:368)
	at net.sf.jasperreports.engine.fill.JRFillElementContainer.evaluate(JRFillElementContainer.java:258)
	at net.sf.jasperreports.engine.fill.JRFillBand.evaluate(JRFillBand.java:499)
	at net.sf.jasperreports.engine.fill.JRVerticalFiller.fillTitle(JRVerticalFiller.java:326)
	at net.sf.jasperreports.engine.fill.JRVerticalFiller.fillReport(JRVerticalFiller.java:164)
	at net.sf.jasperreports.engine.fill.JRBaseFiller.fill(JRBaseFiller.java:946)
	at net.sf.jasperreports.engine.fill.JRBaseFiller.fill(JRBaseFiller.java:864)
	at net.sf.jasperreports.engine.fill.JRFillSubreport.fillSubreport(JRFillSubreport.java:613)
	at net.sf.jasperreports.engine.fill.JRSubreportRunnable.run(JRSubreportRunnable.java:59)
	at net.sf.jasperreports.engine.fill.JRThreadSubreportRunner.run(JRThreadSubreportRunner.java:205)
	at java.lang.Thread.run(Thread.java:679)
Caused by:
java.lang.NullPointerException
	at java.lang.Class.isAssignableFrom(Native Method)
	at net.sf.jasperreports.engine.fill.JRFillTextField.getFormat(JRFillTextField.java:706)
	at net.sf.jasperreports.engine.fill.JRFillTextField.evaluateText(JRFillTextField.java:394)
	at net.sf.jasperreports.engine.fill.JRFillTextField.evaluate(JRFillTextField.java:368)
	at net.sf.jasperreports.engine.fill.JRFillElementContainer.evaluate(JRFillElementContainer.java:258)
	at net.sf.jasperreports.engine.fill.JRFillBand.evaluate(JRFillBand.java:499)
	at net.sf.jasperreports.engine.fill.JRVerticalFiller.fillTitle(JRVerticalFiller.java:326)
	at net.sf.jasperreports.engine.fill.JRVerticalFiller.fillReport(JRVerticalFiller.java:164)
	at net.sf.jasperreports.engine.fill.JRBaseFiller.fill(JRBaseFiller.java:946)
	at net.sf.jasperreports.engine.fill.JRBaseFiller.fill(JRBaseFiller.java:864)
	at net.sf.jasperreports.engine.fill.JRFillSubreport.fillSubreport(JRFillSubreport.java:613)
	at net.sf.jasperreports.engine.fill.JRSubreportRunnable.run(JRSubreportRunnable.java:59)
	at net.sf.jasperreports.engine.fill.JRThreadSubreportRunner.run(JRThreadSubreportRunner.java:205)
	at java.lang.Thread.run(Thread.java:679)
1287844 [XML-RPC-0] ERROR net.sf.jasperreports.engine.fill.JRFillSubreport - Fill 3567635: exception
java.lang.NullPointerException
	at java.lang.Class.isAssignableFrom(Native Method)
	at net.sf.jasperreports.engine.fill.JRFillTextField.getFormat(JRFillTextField.java:706)
	at net.sf.jasperreports.engine.fill.JRFillTextField.evaluateText(JRFillTextField.java:394)
	at net.sf.jasperreports.engine.fill.JRFillTextField.evaluate(JRFillTextField.java:368)
	at net.sf.jasperreports.engine.fill.JRFillElementContainer.evaluate(JRFillElementContainer.java:258)
	at net.sf.jasperreports.engine.fill.JRFillBand.evaluate(JRFillBand.java:499)
	at net.sf.jasperreports.engine.fill.JRVerticalFiller.fillTitle(JRVerticalFiller.java:326)
	at net.sf.jasperreports.engine.fill.JRVerticalFiller.fillReport(JRVerticalFiller.java:164)
	at net.sf.jasperreports.engine.fill.JRBaseFiller.fill(JRBaseFiller.java:946)
	at net.sf.jasperreports.engine.fill.JRBaseFiller.fill(JRBaseFiller.java:864)
	at net.sf.jasperreports.engine.fill.JRFillSubreport.fillSubreport(JRFillSubreport.java:613)
	at net.sf.jasperreports.engine.fill.JRSubreportRunnable.run(JRSubreportRunnable.java:59)
	at net.sf.jasperreports.engine.fill.JRThreadSubreportRunner.run(JRThreadSubreportRunner.java:205)
	at java.lang.Thread.run(Thread.java:679)
1287845 [XML-RPC-0] ERROR org.apache.xmlrpc.server.XmlRpcErrorLogger - Failed to invoke method execute in class com.nantic.jasperreports.JasperServer: null
org.apache.xmlrpc.common.XmlRpcInvocationException: Failed to invoke method execute in class com.nantic.jasperreports.JasperServer: null
	at org.apache.xmlrpc.server.ReflectiveXmlRpcHandler.invoke(ReflectiveXmlRpcHandler.java:129)
	at org.apache.xmlrpc.server.ReflectiveXmlRpcHandler.execute(ReflectiveXmlRpcHandler.java:106)
	at org.apache.xmlrpc.server.XmlRpcServerWorker.execute(XmlRpcServerWorker.java:46)
	at org.apache.xmlrpc.server.XmlRpcServer.execute(XmlRpcServer.java:86)
	at org.apache.xmlrpc.server.XmlRpcStreamServer.execute(XmlRpcStreamServer.java:200)
	at org.apache.xmlrpc.webserver.Connection.run(Connection.java:208)
	at org.apache.xmlrpc.util.ThreadPool$Poolable$1.run(ThreadPool.java:68)
Caused by: java.lang.NullPointerException
	at java.lang.Class.isAssignableFrom(Native Method)
	at net.sf.jasperreports.engine.fill.JRFillTextField.getFormat(JRFillTextField.java:706)
	at net.sf.jasperreports.engine.fill.JRFillTextField.evaluateText(JRFillTextField.java:394)
	at net.sf.jasperreports.engine.fill.JRFillTextField.evaluate(JRFillTextField.java:368)
	at net.sf.jasperreports.engine.fill.JRFillElementContainer.evaluate(JRFillElementContainer.java:258)
	at net.sf.jasperreports.engine.fill.JRFillBand.evaluate(JRFillBand.java:499)
	at net.sf.jasperreports.engine.fill.JRVerticalFiller.fillTitle(JRVerticalFiller.java:326)
	at net.sf.jasperreports.engine.fill.JRVerticalFiller.fillReport(JRVerticalFiller.java:164)
	at net.sf.jasperreports.engine.fill.JRBaseFiller.fill(JRBaseFiller.java:946)
	at net.sf.jasperreports.engine.fill.JRBaseFiller.fill(JRBaseFiller.java:864)
	at net.sf.jasperreports.engine.fill.JRFillSubreport.fillSubreport(JRFillSubreport.java:613)
	at net.sf.jasperreports.engine.fill.JRSubreportRunnable.run(JRSubreportRunnable.java:59)
	at net.sf.jasperreports.engine.fill.JRThreadSubreportRunner.run(JRThreadSubreportRunner.java:205)
	at java.lang.Thread.run(Thread.java:679)
Caused by:
java.lang.NullPointerException
	at java.lang.Class.isAssignableFrom(Native Method)
	at net.sf.jasperreports.engine.fill.JRFillTextField.getFormat(JRFillTextField.java:706)
	at net.sf.jasperreports.engine.fill.JRFillTextField.evaluateText(JRFillTextField.java:394)
	at net.sf.jasperreports.engine.fill.JRFillTextField.evaluate(JRFillTextField.java:368)
	at net.sf.jasperreports.engine.fill.JRFillElementContainer.evaluate(JRFillElementContainer.java:258)
	at net.sf.jasperreports.engine.fill.JRFillBand.evaluate(JRFillBand.java:499)
	at net.sf.jasperreports.engine.fill.JRVerticalFiller.fillTitle(JRVerticalFiller.java:326)
	at net.sf.jasperreports.engine.fill.JRVerticalFiller.fillReport(JRVerticalFiller.java:164)
	at net.sf.jasperreports.engine.fill.JRBaseFiller.fill(JRBaseFiller.java:946)
	at net.sf.jasperreports.engine.fill.JRBaseFiller.fill(JRBaseFiller.java:864)
	at net.sf.jasperreports.engine.fill.JRFillSubreport.fillSubreport(JRFillSubreport.java:613)
	at net.sf.jasperreports.engine.fill.JRSubreportRunnable.run(JRSubreportRunnable.java:59)
	at net.sf.jasperreports.engine.fill.JRThreadSubreportRunner.run(JRThreadSubreportRunner.java:205)
	at java.lang.Thread.run(Thread.java:679)
3174726 [XML-RPC-0] ERROR org.apache.commons.digester.Digester - Parse Error at line 2 column 438: cvc-complex-type.3.2.2: Attribute 'uuid' is not allowed to appear in element 'jasperReport'.
org.xml.sax.SAXParseException; lineNumber: 2; columnNumber: 438; cvc-complex-type.3.2.2: Attribute 'uuid' is not allowed to appear in element 'jasperReport'.
	at com.sun.org.apache.xerces.internal.util.ErrorHandlerWrapper.createSAXParseException(ErrorHandlerWrapper.java:198)
	at com.sun.org.apache.xerces.internal.util.ErrorHandlerWrapper.error(ErrorHandlerWrapper.java:134)
	at com.sun.org.apache.xerces.internal.impl.XMLErrorReporter.reportError(XMLErrorReporter.java:387)
	at com.sun.org.apache.xerces.internal.impl.XMLErrorReporter.reportError(XMLErrorReporter.java:321)
	at com.sun.org.apache.xerces.internal.impl.xs.XMLSchemaValidator$XSIErrorReporter.reportError(XMLSchemaValidator.java:421)
	at com.sun.org.apache.xerces.internal.impl.xs.XMLSchemaValidator.reportSchemaError(XMLSchemaValidator.java:3186)
	at com.sun.org.apache.xerces.internal.impl.xs.XMLSchemaValidator.processAttributes(XMLSchemaValidator.java:2663)
	at com.sun.org.apache.xerces.internal.impl.xs.XMLSchemaValidator.handleStartElement(XMLSchemaValidator.java:2070)
	at com.sun.org.apache.xerces.internal.impl.xs.XMLSchemaValidator.startElement(XMLSchemaValidator.java:709)
	at com.sun.org.apache.xerces.internal.impl.XMLNSDocumentScannerImpl.scanStartElement(XMLNSDocumentScannerImpl.java:376)
	at com.sun.org.apache.xerces.internal.impl.XMLNSDocumentScannerImpl$NSContentDriver.scanRootElementHook(XMLNSDocumentScannerImpl.java:602)
	at com.sun.org.apache.xerces.internal.impl.XMLDocumentFragmentScannerImpl$FragmentContentDriver.next(XMLDocumentFragmentScannerImpl.java:3080)
	at com.sun.org.apache.xerces.internal.impl.XMLDocumentScannerImpl$PrologDriver.next(XMLDocumentScannerImpl.java:899)
	at com.sun.org.apache.xerces.internal.impl.XMLDocumentScannerImpl.next(XMLDocumentScannerImpl.java:625)
	at com.sun.org.apache.xerces.internal.impl.XMLNSDocumentScannerImpl.next(XMLNSDocumentScannerImpl.java:116)
	at com.sun.org.apache.xerces.internal.impl.XMLDocumentFragmentScannerImpl.scanDocument(XMLDocumentFragmentScannerImpl.java:488)
	at com.sun.org.apache.xerces.internal.parsers.XML11Configuration.parse(XML11Configuration.java:819)
	at com.sun.org.apache.xerces.internal.parsers.XML11Configuration.parse(XML11Configuration.java:748)
	at com.sun.org.apache.xerces.internal.parsers.XMLParser.parse(XMLParser.java:123)
	at com.sun.org.apache.xerces.internal.parsers.AbstractSAXParser.parse(AbstractSAXParser.java:1208)
	at com.sun.org.apache.xerces.internal.jaxp.SAXParserImpl$JAXPSAXParser.parse(SAXParserImpl.java:525)
	at org.apache.commons.digester.Digester.parse(Digester.java:1647)
	at net.sf.jasperreports.engine.xml.JRXmlLoader.loadXML(JRXmlLoader.java:241)
	at net.sf.jasperreports.engine.xml.JRXmlLoader.loadXML(JRXmlLoader.java:228)
	at net.sf.jasperreports.engine.xml.JRXmlLoader.load(JRXmlLoader.java:216)
	at net.sf.jasperreports.engine.xml.JRXmlLoader.load(JRXmlLoader.java:170)
	at net.sf.jasperreports.engine.xml.JRXmlLoader.load(JRXmlLoader.java:154)
	at net.sf.jasperreports.engine.JasperCompileManager.compileReportToFile(JasperCompileManager.java:111)
	at com.nantic.jasperreports.JasperServer.compile(JasperServer.java:97)
	at com.nantic.jasperreports.JasperServer.privateExecute(JasperServer.java:136)
	at com.nantic.jasperreports.JasperServer.execute(JasperServer.java:120)
	at sun.reflect.GeneratedMethodAccessor56.invoke(Unknown Source)
	at sun.reflect.DelegatingMethodAccessorImpl.invoke(DelegatingMethodAccessorImpl.java:43)
	at java.lang.reflect.Method.invoke(Method.java:616)
	at org.apache.xmlrpc.server.ReflectiveXmlRpcHandler.invoke(ReflectiveXmlRpcHandler.java:115)
	at org.apache.xmlrpc.server.ReflectiveXmlRpcHandler.execute(ReflectiveXmlRpcHandler.java:106)
	at org.apache.xmlrpc.server.XmlRpcServerWorker.execute(XmlRpcServerWorker.java:46)
	at org.apache.xmlrpc.server.XmlRpcServer.execute(XmlRpcServer.java:86)
	at org.apache.xmlrpc.server.XmlRpcStreamServer.execute(XmlRpcStreamServer.java:200)
	at org.apache.xmlrpc.webserver.Connection.run(Connection.java:208)
	at org.apache.xmlrpc.util.ThreadPool$Poolable$1.run(ThreadPool.java:68)
3174729 [XML-RPC-0] ERROR org.apache.xmlrpc.server.XmlRpcErrorLogger - Failed to invoke method execute in class com.nantic.jasperreports.JasperServer: org.xml.sax.SAXParseException; lineNumber: 2; columnNumber: 438; cvc-complex-type.3.2.2: Attribute 'uuid' is not allowed to appear in element 'jasperReport'.
org.apache.xmlrpc.common.XmlRpcInvocationException: Failed to invoke method execute in class com.nantic.jasperreports.JasperServer: org.xml.sax.SAXParseException; lineNumber: 2; columnNumber: 438; cvc-complex-type.3.2.2: Attribute 'uuid' is not allowed to appear in element 'jasperReport'.
	at org.apache.xmlrpc.server.ReflectiveXmlRpcHandler.invoke(ReflectiveXmlRpcHandler.java:129)
	at org.apache.xmlrpc.server.ReflectiveXmlRpcHandler.execute(ReflectiveXmlRpcHandler.java:106)
	at org.apache.xmlrpc.server.XmlRpcServerWorker.execute(XmlRpcServerWorker.java:46)
	at org.apache.xmlrpc.server.XmlRpcServer.execute(XmlRpcServer.java:86)
	at org.apache.xmlrpc.server.XmlRpcStreamServer.execute(XmlRpcStreamServer.java:200)
	at org.apache.xmlrpc.webserver.Connection.run(Connection.java:208)
	at org.apache.xmlrpc.util.ThreadPool$Poolable$1.run(ThreadPool.java:68)
Caused by: net.sf.jasperreports.engine.JRException: org.xml.sax.SAXParseException; lineNumber: 2; columnNumber: 438; cvc-complex-type.3.2.2: Attribute 'uuid' is not allowed to appear in element 'jasperReport'.
	at net.sf.jasperreports.engine.xml.JRXmlLoader.loadXML(JRXmlLoader.java:245)
	at net.sf.jasperreports.engine.xml.JRXmlLoader.loadXML(JRXmlLoader.java:228)
	at net.sf.jasperreports.engine.xml.JRXmlLoader.load(JRXmlLoader.java:216)
	at net.sf.jasperreports.engine.xml.JRXmlLoader.load(JRXmlLoader.java:170)
	at net.sf.jasperreports.engine.xml.JRXmlLoader.load(JRXmlLoader.java:154)
	at net.sf.jasperreports.engine.JasperCompileManager.compileReportToFile(JasperCompileManager.java:111)
	at com.nantic.jasperreports.JasperServer.compile(JasperServer.java:97)
	at com.nantic.jasperreports.JasperServer.privateExecute(JasperServer.java:136)
	at com.nantic.jasperreports.JasperServer.execute(JasperServer.java:120)
	at sun.reflect.GeneratedMethodAccessor56.invoke(Unknown Source)
	at sun.reflect.DelegatingMethodAccessorImpl.invoke(DelegatingMethodAccessorImpl.java:43)
	at java.lang.reflect.Method.invoke(Method.java:616)
	at org.apache.xmlrpc.server.ReflectiveXmlRpcHandler.invoke(ReflectiveXmlRpcHandler.java:115)
	... 6 more
Caused by: org.xml.sax.SAXParseException; lineNumber: 2; columnNumber: 438; cvc-complex-type.3.2.2: Attribute 'uuid' is not allowed to appear in element 'jasperReport'.
	at com.sun.org.apache.xerces.internal.util.ErrorHandlerWrapper.createSAXParseException(ErrorHandlerWrapper.java:198)
	at com.sun.org.apache.xerces.internal.util.ErrorHandlerWrapper.error(ErrorHandlerWrapper.java:134)
	at com.sun.org.apache.xerces.internal.impl.XMLErrorReporter.reportError(XMLErrorReporter.java:387)
	at com.sun.org.apache.xerces.internal.impl.XMLErrorReporter.reportError(XMLErrorReporter.java:321)
	at com.sun.org.apache.xerces.internal.impl.xs.XMLSchemaValidator$XSIErrorReporter.reportError(XMLSchemaValidator.java:421)
	at com.sun.org.apache.xerces.internal.impl.xs.XMLSchemaValidator.reportSchemaError(XMLSchemaValidator.java:3186)
	at com.sun.org.apache.xerces.internal.impl.xs.XMLSchemaValidator.processAttributes(XMLSchemaValidator.java:2663)
	at com.sun.org.apache.xerces.internal.impl.xs.XMLSchemaValidator.handleStartElement(XMLSchemaValidator.java:2070)
	at com.sun.org.apache.xerces.internal.impl.xs.XMLSchemaValidator.startElement(XMLSchemaValidator.java:709)
	at com.sun.org.apache.xerces.internal.impl.XMLNSDocumentScannerImpl.scanStartElement(XMLNSDocumentScannerImpl.java:376)
	at com.sun.org.apache.xerces.internal.impl.XMLNSDocumentScannerImpl$NSContentDriver.scanRootElementHook(XMLNSDocumentScannerImpl.java:602)
	at com.sun.org.apache.xerces.internal.impl.XMLDocumentFragmentScannerImpl$FragmentContentDriver.next(XMLDocumentFragmentScannerImpl.java:3080)
	at com.sun.org.apache.xerces.internal.impl.XMLDocumentScannerImpl$PrologDriver.next(XMLDocumentScannerImpl.java:899)
	at com.sun.org.apache.xerces.internal.impl.XMLDocumentScannerImpl.next(XMLDocumentScannerImpl.java:625)
	at com.sun.org.apache.xerces.internal.impl.XMLNSDocumentScannerImpl.next(XMLNSDocumentScannerImpl.java:116)
	at com.sun.org.apache.xerces.internal.impl.XMLDocumentFragmentScannerImpl.scanDocument(XMLDocumentFragmentScannerImpl.java:488)
	at com.sun.org.apache.xerces.internal.parsers.XML11Configuration.parse(XML11Configuration.java:819)
	at com.sun.org.apache.xerces.internal.parsers.XML11Configuration.parse(XML11Configuration.java:748)
	at com.sun.org.apache.xerces.internal.parsers.XMLParser.parse(XMLParser.java:123)
	at com.sun.org.apache.xerces.internal.parsers.AbstractSAXParser.parse(AbstractSAXParser.java:1208)
	at com.sun.org.apache.xerces.internal.jaxp.SAXParserImpl$JAXPSAXParser.parse(SAXParserImpl.java:525)
	at org.apache.commons.digester.Digester.parse(Digester.java:1647)
	at net.sf.jasperreports.engine.xml.JRXmlLoader.loadXML(JRXmlLoader.java:241)
	... 18 more
Caused by:
net.sf.jasperreports.engine.JRException: org.xml.sax.SAXParseException; lineNumber: 2; columnNumber: 438; cvc-complex-type.3.2.2: Attribute 'uuid' is not allowed to appear in element 'jasperReport'.
	at net.sf.jasperreports.engine.xml.JRXmlLoader.loadXML(JRXmlLoader.java:245)
	at net.sf.jasperreports.engine.xml.JRXmlLoader.loadXML(JRXmlLoader.java:228)
	at net.sf.jasperreports.engine.xml.JRXmlLoader.load(JRXmlLoader.java:216)
	at net.sf.jasperreports.engine.xml.JRXmlLoader.load(JRXmlLoader.java:170)
	at net.sf.jasperreports.engine.xml.JRXmlLoader.load(JRXmlLoader.java:154)
	at net.sf.jasperreports.engine.JasperCompileManager.compileReportToFile(JasperCompileManager.java:111)
	at com.nantic.jasperreports.JasperServer.compile(JasperServer.java:97)
	at com.nantic.jasperreports.JasperServer.privateExecute(JasperServer.java:136)
	at com.nantic.jasperreports.JasperServer.execute(JasperServer.java:120)
	at sun.reflect.GeneratedMethodAccessor56.invoke(Unknown Source)
	at sun.reflect.DelegatingMethodAccessorImpl.invoke(DelegatingMethodAccessorImpl.java:43)
	at java.lang.reflect.Method.invoke(Method.java:616)
	at org.apache.xmlrpc.server.ReflectiveXmlRpcHandler.invoke(ReflectiveXmlRpcHandler.java:115)
	at org.apache.xmlrpc.server.ReflectiveXmlRpcHandler.execute(ReflectiveXmlRpcHandler.java:106)
	at org.apache.xmlrpc.server.XmlRpcServerWorker.execute(XmlRpcServerWorker.java:46)
	at org.apache.xmlrpc.server.XmlRpcServer.execute(XmlRpcServer.java:86)
	at org.apache.xmlrpc.server.XmlRpcStreamServer.execute(XmlRpcStreamServer.java:200)
	at org.apache.xmlrpc.webserver.Connection.run(Connection.java:208)
	at org.apache.xmlrpc.util.ThreadPool$Poolable$1.run(ThreadPool.java:68)
Caused by: org.xml.sax.SAXParseException; lineNumber: 2; columnNumber: 438; cvc-complex-type.3.2.2: Attribute 'uuid' is not allowed to appear in element 'jasperReport'.
	at com.sun.org.apache.xerces.internal.util.ErrorHandlerWrapper.createSAXParseException(ErrorHandlerWrapper.java:198)
	at com.sun.org.apache.xerces.internal.util.ErrorHandlerWrapper.error(ErrorHandlerWrapper.java:134)
	at com.sun.org.apache.xerces.internal.impl.XMLErrorReporter.reportError(XMLErrorReporter.java:387)
	at com.sun.org.apache.xerces.internal.impl.XMLErrorReporter.reportError(XMLErrorReporter.java:321)
	at com.sun.org.apache.xerces.internal.impl.xs.XMLSchemaValidator$XSIErrorReporter.reportError(XMLSchemaValidator.java:421)
	at com.sun.org.apache.xerces.internal.impl.xs.XMLSchemaValidator.reportSchemaError(XMLSchemaValidator.java:3186)
	at com.sun.org.apache.xerces.internal.impl.xs.XMLSchemaValidator.processAttributes(XMLSchemaValidator.java:2663)
	at com.sun.org.apache.xerces.internal.impl.xs.XMLSchemaValidator.handleStartElement(XMLSchemaValidator.java:2070)
	at com.sun.org.apache.xerces.internal.impl.xs.XMLSchemaValidator.startElement(XMLSchemaValidator.java:709)
	at com.sun.org.apache.xerces.internal.impl.XMLNSDocumentScannerImpl.scanStartElement(XMLNSDocumentScannerImpl.java:376)
	at com.sun.org.apache.xerces.internal.impl.XMLNSDocumentScannerImpl$NSContentDriver.scanRootElementHook(XMLNSDocumentScannerImpl.java:602)
	at com.sun.org.apache.xerces.internal.impl.XMLDocumentFragmentScannerImpl$FragmentContentDriver.next(XMLDocumentFragmentScannerImpl.java:3080)
	at com.sun.org.apache.xerces.internal.impl.XMLDocumentScannerImpl$PrologDriver.next(XMLDocumentScannerImpl.java:899)
	at com.sun.org.apache.xerces.internal.impl.XMLDocumentScannerImpl.next(XMLDocumentScannerImpl.java:625)
	at com.sun.org.apache.xerces.internal.impl.XMLNSDocumentScannerImpl.next(XMLNSDocumentScannerImpl.java:116)
	at com.sun.org.apache.xerces.internal.impl.XMLDocumentFragmentScannerImpl.scanDocument(XMLDocumentFragmentScannerImpl.java:488)
	at com.sun.org.apache.xerces.internal.parsers.XML11Configuration.parse(XML11Configuration.java:819)
	at com.sun.org.apache.xerces.internal.parsers.XML11Configuration.parse(XML11Configuration.java:748)
	at com.sun.org.apache.xerces.internal.parsers.XMLParser.parse(XMLParser.java:123)
	at com.sun.org.apache.xerces.internal.parsers.AbstractSAXParser.parse(AbstractSAXParser.java:1208)
	at com.sun.org.apache.xerces.internal.jaxp.SAXParserImpl$JAXPSAXParser.parse(SAXParserImpl.java:525)
	at org.apache.commons.digester.Digester.parse(Digester.java:1647)
	at net.sf.jasperreports.engine.xml.JRXmlLoader.loadXML(JRXmlLoader.java:241)
	... 18 more
